[0.007s] Invoking command in '/home/manish/Documents/Robot/my_bot/build/my_bot': /usr/bin/cmake /home/manish/Documents/Robot/my_bot -DAMENT_CMAKE_SYMLINK_INSTALL=1 -DCMAKE_INSTALL_PREFIX=/home/manish/Documents/Robot/my_bot/install/my_bot
[0.129s] -- The C compiler identification is GNU 11.4.0
[0.212s] -- The CXX compiler identification is GNU 11.4.0
[0.220s] -- Detecting C compiler ABI info
[0.288s] -- Detecting C compiler ABI info - done
[0.292s] -- Check for working C compiler: /usr/bin/cc - skipped
[0.293s] -- Detecting C compile features
[0.293s] -- Detecting C compile features - done
[0.296s] -- Detecting CXX compiler ABI info
[0.364s] -- Detecting CXX compiler ABI info - done
[0.369s] -- Check for working CXX compiler: /usr/bin/c++ - skipped
[0.369s] -- Detecting CXX compile features
[0.370s] -- Detecting CXX compile features - done
[0.379s] [31mCMake Error at CMakeLists.txt:19 (find_package):
[0.379s]   By not providing "Findament_cmake.cmake" in CMAKE_MODULE_PATH this project
[0.379s]   has asked CMake to find a package configuration file provided by
[0.379s]   "ament_cmake", but CMake did not find one.
[0.379s] 
[0.379s]   Could not find a package configuration file provided by "ament_cmake" with
[0.379s]   any of the following names:
[0.379s] 
[0.379s]     ament_cmakeConfig.cmake
[0.379s]     ament_cmake-config.cmake
[0.380s] 
[0.380s]   Add the installation prefix of "ament_cmake" to CMAKE_PREFIX_PATH or set
[0.380s]   "ament_cmake_DIR" to a directory containing one of the above files.  If
[0.380s]   "ament_cmake" provides a separate development package or SDK, be sure it
[0.380s]   has been installed.
[0.380s] 
[0.380s] [0m
[0.380s] -- Configuring incomplete, errors occurred!
[0.380s] See also "/home/manish/Documents/Robot/my_bot/build/my_bot/CMakeFiles/CMakeOutput.log".
[0.381s] Invoked command in '/home/manish/Documents/Robot/my_bot/build/my_bot' returned '1': /usr/bin/cmake /home/manish/Documents/Robot/my_bot -DAMENT_CMAKE_SYMLINK_INSTALL=1 -DCMAKE_INSTALL_PREFIX=/home/manish/Documents/Robot/my_bot/install/my_bot
