[0.011s] Invoking command in '/home/manish/Documents/Robot/my_bot/build/my_bot': CMAKE_PREFIX_PATH=/opt/ros/humble /usr/bin/cmake --build /home/manish/Documents/Robot/my_bot/build/my_bot -- -j16 -l16
[0.073s] Invoked command in '/home/manish/Documents/Robot/my_bot/build/my_bot' returned '0': CMAKE_PREFIX_PATH=/opt/ros/humble /usr/bin/cmake --build /home/manish/Documents/Robot/my_bot/build/my_bot -- -j16 -l16
[0.082s] Invoking command in '/home/manish/Documents/Robot/my_bot/build/my_bot': CMAKE_PREFIX_PATH=/opt/ros/humble /usr/bin/cmake --install /home/manish/Documents/Robot/my_bot/build/my_bot
[0.088s] -- Install configuration: ""
[0.089s] -- Execute custom install script
[0.090s] -- Up-to-date symlink: /home/manish/Documents/Robot/my_bot/install/my_bot/share/my_bot/config/empty.yaml
[0.090s] -- Up-to-date symlink: /home/manish/Documents/Robot/my_bot/install/my_bot/share/my_bot/config/gz_bridge.yaml
[0.090s] -- Up-to-date symlink: /home/manish/Documents/Robot/my_bot/install/my_bot/share/my_bot/config/view_bot.rviz
[0.091s] -- Up-to-date symlink: /home/manish/Documents/Robot/my_bot/install/my_bot/share/my_bot/description/gazebo_control.xacro
[0.091s] -- Up-to-date symlink: /home/manish/Documents/Robot/my_bot/install/my_bot/share/my_bot/description/inertial_macros.xacro
[0.091s] -- Up-to-date symlink: /home/manish/Documents/Robot/my_bot/install/my_bot/share/my_bot/description/robot.urdf.xacro
[0.091s] -- Up-to-date symlink: /home/manish/Documents/Robot/my_bot/install/my_bot/share/my_bot/description/robot_core.xacro
[0.092s] -- Up-to-date symlink: /home/manish/Documents/Robot/my_bot/install/my_bot/share/my_bot/launch/launch_sim.launch.py
[0.092s] -- Up-to-date symlink: /home/manish/Documents/Robot/my_bot/install/my_bot/share/my_bot/launch/rsp.launch.py
[0.092s] -- Up-to-date symlink: /home/manish/Documents/Robot/my_bot/install/my_bot/share/my_bot/worlds/empty.world
[0.093s] -- Up-to-date symlink: /home/manish/Documents/Robot/my_bot/install/my_bot/share/ament_index/resource_index/package_run_dependencies/my_bot
[0.093s] -- Up-to-date symlink: /home/manish/Documents/Robot/my_bot/install/my_bot/share/ament_index/resource_index/parent_prefix_path/my_bot
[0.093s] -- Up-to-date symlink: /home/manish/Documents/Robot/my_bot/install/my_bot/share/my_bot/environment/ament_prefix_path.sh
[0.094s] -- Up-to-date symlink: /home/manish/Documents/Robot/my_bot/install/my_bot/share/my_bot/environment/ament_prefix_path.dsv
[0.094s] -- Up-to-date symlink: /home/manish/Documents/Robot/my_bot/install/my_bot/share/my_bot/environment/path.sh
[0.094s] -- Up-to-date symlink: /home/manish/Documents/Robot/my_bot/install/my_bot/share/my_bot/environment/path.dsv
[0.094s] -- Up-to-date symlink: /home/manish/Documents/Robot/my_bot/install/my_bot/share/my_bot/local_setup.bash
[0.094s] -- Up-to-date symlink: /home/manish/Documents/Robot/my_bot/install/my_bot/share/my_bot/local_setup.sh
[0.094s] -- Up-to-date symlink: /home/manish/Documents/Robot/my_bot/install/my_bot/share/my_bot/local_setup.zsh
[0.095s] -- Up-to-date symlink: /home/manish/Documents/Robot/my_bot/install/my_bot/share/my_bot/local_setup.dsv
[0.095s] -- Symlinking: /home/manish/Documents/Robot/my_bot/install/my_bot/share/my_bot/package.dsv
[0.102s] -- Up-to-date symlink: /home/manish/Documents/Robot/my_bot/install/my_bot/share/ament_index/resource_index/packages/my_bot
[0.103s] -- Up-to-date symlink: /home/manish/Documents/Robot/my_bot/install/my_bot/share/my_bot/cmake/my_botConfig.cmake
[0.103s] -- Up-to-date symlink: /home/manish/Documents/Robot/my_bot/install/my_bot/share/my_bot/cmake/my_botConfig-version.cmake
[0.103s] -- Up-to-date symlink: /home/manish/Documents/Robot/my_bot/install/my_bot/share/my_bot/package.xml
[0.105s] Invoked command in '/home/manish/Documents/Robot/my_bot/build/my_bot' returned '0': CMAKE_PREFIX_PATH=/opt/ros/humble /usr/bin/cmake --install /home/manish/Documents/Robot/my_bot/build/my_bot
