[0.009s] Invoking command in '/home/manish/Documents/Robot/my_bot/build/my_bot': CMAKE_PREFIX_PATH=/opt/ros/humble /usr/bin/cmake --build /home/manish/Documents/Robot/my_bot/build/my_bot -- -j16 -l16
[0.056s] Invoked command in '/home/manish/Documents/Robot/my_bot/build/my_bot' returned '0': CMAKE_PREFIX_PATH=/opt/ros/humble /usr/bin/cmake --build /home/manish/Documents/Robot/my_bot/build/my_bot -- -j16 -l16
[0.066s] Invoking command in '/home/manish/Documents/Robot/my_bot/build/my_bot': CMAKE_PREFIX_PATH=/opt/ros/humble /usr/bin/cmake --install /home/manish/Documents/Robot/my_bot/build/my_bot
[0.074s] -- Install configuration: ""
[0.074s] -- Execute custom install script
[0.076s] -- Up-to-date symlink: /home/manish/Documents/Robot/my_bot/install/my_bot/share/my_bot/config/empty.yaml
[0.076s] -- Up-to-date symlink: /home/manish/Documents/Robot/my_bot/install/my_bot/share/my_bot/config/view_bot.rviz
[0.076s] -- Up-to-date symlink: /home/manish/Documents/Robot/my_bot/install/my_bot/share/my_bot/description/gazebo_control.xacro
[0.076s] -- Up-to-date symlink: /home/manish/Documents/Robot/my_bot/install/my_bot/share/my_bot/description/inertial_macros.xacro
[0.076s] -- Up-to-date symlink: /home/manish/Documents/Robot/my_bot/install/my_bot/share/my_bot/description/robot.urdf.xacro
[0.077s] -- Up-to-date symlink: /home/manish/Documents/Robot/my_bot/install/my_bot/share/my_bot/description/robot_core.xacro
[0.077s] -- Up-to-date symlink: /home/manish/Documents/Robot/my_bot/install/my_bot/share/my_bot/launch/launch_sim.launch.py
[0.077s] -- Up-to-date symlink: /home/manish/Documents/Robot/my_bot/install/my_bot/share/my_bot/launch/rsp.launch.py
[0.077s] -- Up-to-date symlink: /home/manish/Documents/Robot/my_bot/install/my_bot/share/my_bot/worlds/empty.world
[0.077s] -- Up-to-date symlink: /home/manish/Documents/Robot/my_bot/install/my_bot/share/ament_index/resource_index/package_run_dependencies/my_bot
[0.077s] -- Up-to-date symlink: /home/manish/Documents/Robot/my_bot/install/my_bot/share/ament_index/resource_index/parent_prefix_path/my_bot
[0.077s] -- Up-to-date symlink: /home/manish/Documents/Robot/my_bot/install/my_bot/share/my_bot/environment/ament_prefix_path.sh
[0.078s] -- Up-to-date symlink: /home/manish/Documents/Robot/my_bot/install/my_bot/share/my_bot/environment/ament_prefix_path.dsv
[0.078s] -- Up-to-date symlink: /home/manish/Documents/Robot/my_bot/install/my_bot/share/my_bot/environment/path.sh
[0.078s] -- Up-to-date symlink: /home/manish/Documents/Robot/my_bot/install/my_bot/share/my_bot/environment/path.dsv
[0.078s] -- Up-to-date symlink: /home/manish/Documents/Robot/my_bot/install/my_bot/share/my_bot/local_setup.bash
[0.078s] -- Up-to-date symlink: /home/manish/Documents/Robot/my_bot/install/my_bot/share/my_bot/local_setup.sh
[0.078s] -- Up-to-date symlink: /home/manish/Documents/Robot/my_bot/install/my_bot/share/my_bot/local_setup.zsh
[0.078s] -- Up-to-date symlink: /home/manish/Documents/Robot/my_bot/install/my_bot/share/my_bot/local_setup.dsv
[0.078s] -- Symlinking: /home/manish/Documents/Robot/my_bot/install/my_bot/share/my_bot/package.dsv
[0.085s] -- Up-to-date symlink: /home/manish/Documents/Robot/my_bot/install/my_bot/share/ament_index/resource_index/packages/my_bot
[0.085s] -- Up-to-date symlink: /home/manish/Documents/Robot/my_bot/install/my_bot/share/my_bot/cmake/my_botConfig.cmake
[0.085s] -- Up-to-date symlink: /home/manish/Documents/Robot/my_bot/install/my_bot/share/my_bot/cmake/my_botConfig-version.cmake
[0.086s] -- Up-to-date symlink: /home/manish/Documents/Robot/my_bot/install/my_bot/share/my_bot/package.xml
[0.087s] Invoked command in '/home/manish/Documents/Robot/my_bot/build/my_bot' returned '0': CMAKE_PREFIX_PATH=/opt/ros/humble /usr/bin/cmake --install /home/manish/Documents/Robot/my_bot/build/my_bot
